Watching for file changes with StatReloader
"GET / HTTP/1.1" 200 1503
"GET /static/%20css/newfile.css%20 HTTP/1.1" 404 1681
Not Found: /favicon.ico
"GET /favicon.ico HTTP/1.1" 404 2737
"GET /hydjobs HTTP/1.1" 301 0
"GET /hydjobs/ HTTP/1.1" 200 8176
"GET /static/css/demodjproject.css HTTP/1.1" 200 841
"GET /static/images/auto2.jpg HTTP/1.1" 200 289506
"GET /static/images/hyd1.jpg HTTP/1.1" 200 96992
"GET /static/images/auto3.jpg HTTP/1.1" 200 95176
"GET /admin HTTP/1.1" 301 0
"GET /admin/ HTTP/1.1" 302 0
"GET /admin/login/?next=/admin/ HTTP/1.1" 200 1913
"GET /static/admin/css/login.css HTTP/1.1" 200 1233
"GET /static/admin/css/base.css HTTP/1.1" 200 16378
"GET /static/admin/css/responsive.css HTTP/1.1" 200 18052
"GET /static/admin/css/fonts.css HTTP/1.1" 200 423
"GET /static/admin/fonts/Roboto-Light-webfont.woff HTTP/1.1" 200 85692
"GET /static/admin/fonts/Roboto-Regular-webfont.woff HTTP/1.1" 200 85876
"POST /admin/login/?next=/admin/ HTTP/1.1" 302 0
"GET /admin/ HTTP/1.1" 200 5873
"GET /static/admin/css/dashboard.css HTTP/1.1" 200 412
"GET /static/admin/img/icon-changelink.svg HTTP/1.1" 200 380
"GET /static/admin/img/icon-addlink.svg HTTP/1.1" 200 331
"GET /static/admin/fonts/Roboto-Bold-webfont.woff HTTP/1.1" 200 86184
"GET /admin/testapp/noidajobs/ HTTP/1.1" 200 7645
"GET /admin/jsi18n/ HTTP/1.1" 200 3223
"GET /static/admin/css/changelists.css HTTP/1.1" 200 6190
"GET /static/admin/js/jquery.init.js HTTP/1.1" 200 363
"GET /static/admin/js/core.js HTTP/1.1" 200 5723
"GET /static/admin/js/prepopulate.js HTTP/1.1" 200 1530
"GET /static/admin/js/admin/RelatedObjectLookups.js HTTP/1.1" 200 6918
"GET /static/admin/js/actions.js HTTP/1.1" 200 6766
"GET /static/admin/js/vendor/xregexp/xregexp.js HTTP/1.1" 200 128820
"GET /static/admin/js/urlify.js HTTP/1.1" 200 8941
"GET /static/admin/js/vendor/jquery/jquery.js HTTP/1.1" 200 287630
"GET /static/admin/img/tooltag-add.svg HTTP/1.1" 200 331
"GET /admin/testapp/noidajobs/add/ HTTP/1.1" 200 7099
"GET /admin/jsi18n/ HTTP/1.1" 200 3223
"GET /static/admin/css/forms.css HTTP/1.1" 200 8518
"GET /static/admin/js/admin/DateTimeShortcuts.js HTTP/1.1" 200 20232
"GET /static/admin/js/change_form.js HTTP/1.1" 200 712
"GET /static/admin/js/prepopulate_init.js HTTP/1.1" 200 495
"GET /static/admin/js/calendar.js HTTP/1.1" 200 7777
"GET /static/admin/css/widgets.css HTTP/1.1" 200 10322
"GET /static/admin/img/icon-calendar.svg HTTP/1.1" 200 1086
"GET /static/admin/img/calendar-icons.svg HTTP/1.1" 200 1094
"POST /admin/testapp/noidajobs/add/ HTTP/1.1" 302 0
"GET /admin/testapp/noidajobs/ HTTP/1.1" 200 8367
"GET /admin/jsi18n/ HTTP/1.1" 200 3223
"GET /static/admin/img/icon-yes.svg HTTP/1.1" 200 436
"GET /admin/ HTTP/1.1" 200 6178
"GET /admin/auth/user/ HTTP/1.1" 200 8283
"GET /admin/jsi18n/ HTTP/1.1" 200 3223
"GET /static/admin/img/search.svg HTTP/1.1" 200 458
"GET /static/admin/img/sorting-icons.svg HTTP/1.1" 200 1097
